2024-04-06 15:23:08.141145: E external/local_xla/xla/stream_executor/cuda/cuda_dnn.cc:9261] Unable to register cuDNN factory: Attempting to register factory for plugin cuDNN when one has already been registered
2024-04-06 15:23:08.141224: E external/local_xla/xla/stream_executor/cuda/cuda_fft.cc:607] Unable to register cuFFT factory: Attempting to register factory for plugin cuFFT when one has already been registered
2024-04-06 15:23:08.143203: E external/local_xla/xla/stream_executor/cuda/cuda_blas.cc:1515] Unable to register cuBLAS factory: Attempting to register factory for plugin cuBLAS when one has already been registered
2024-04-06 15:23:08.155274: I tensorflow/core/platform/cpu_feature_guard.cc:182] This TensorFlow binary is optimized to use available CPU instructions in performance-critical operations.
To enable the following instructions: AVX2 FMA, in other operations, rebuild TensorFlow with the appropriate compiler flags.
2024-04-06 15:23:10.026137: W tensorflow/compiler/tf2tensorrt/utils/py_utils.cc:38] TF-TRT Warning: Could not find TensorRT
/media/nhdang/hieunmt/miniconda3/envs/dhms/lib/python3.11/site-packages/torch/nn/modules/transformer.py:282: UserWarning: enable_nested_tensor is True, but self.use_nested_tensor is False because encoder_layer.self_attn.batch_first was not True(use batch_first for better inference performance)
  warnings.warn(f"enable_nested_tensor is True, but self.use_nested_tensor is False because {why_not_sparsity_fast_path}")
Traceback (most recent call last):
  File "/media/nhdang/Vy_Cat/newPCMDM/train_diffusion.py", line 59, in <module>
    main()
  File "/media/nhdang/Vy_Cat/newPCMDM/train_diffusion.py", line 54, in main
    loop = TrainLoop(args, train_platform, model, diffusion, data)
           ^^^^^^^^^^^^^^^^^^^^^^^^^^^^^^^^^^^^^^^^^^^^^^^^^^^^^^^
  File "/media/nhdang/Vy_Cat/newPCMDM/train/training_loop.py", line 58, in __init__
    self._load_and_sync_parameters()
  File "/media/nhdang/Vy_Cat/newPCMDM/train/training_loop.py", line 97, in _load_and_sync_parameters
    dist_util.load_state_dict(
  File "/media/nhdang/Vy_Cat/newPCMDM/utils/dist_util.py", line 58, in load_state_dict
    return th.load(path, **kwargs)
           ^^^^^^^^^^^^^^^^^^^^^^^
  File "/media/nhdang/hieunmt/miniconda3/envs/dhms/lib/python3.11/site-packages/torch/serialization.py", line 986, in load
    with _open_file_like(f, 'rb') as opened_file:
         ^^^^^^^^^^^^^^^^^^^^^^^^
  File "/media/nhdang/hieunmt/miniconda3/envs/dhms/lib/python3.11/site-packages/torch/serialization.py", line 435, in _open_file_like
    return _open_file(name_or_buffer, mode)
           ^^^^^^^^^^^^^^^^^^^^^^^^^^^^^^^^
  File "/media/nhdang/hieunmt/miniconda3/envs/dhms/lib/python3.11/site-packages/torch/serialization.py", line 416, in __init__
    super().__init__(open(name, mode))
                     ^^^^^^^^^^^^^^^^
FileNotFoundError: [Errno 2] 
